<?xml version="1.0" encoding="UTF-8"?>
<!-- Generated by org.testng.reporters.JUnitXMLReporter -->
<testsuite ignored="0" hostname="Vivek" failures="0" tests="6" name="FireFoxtest" time="0.373" errors="0" timestamp="2023-10-27T23:35:12 EDT">
  <testcase classname="ca.amazon.testcase.Searchtest" name="partialtextvalidate" time="0.0">
    <skipped/>
  </testcase> <!-- partialtextvalidate -->
  <testcase classname="ca.amazon.testcase.Searchtest" name="searchresult" time="0.0">
    <skipped/>
  </testcase> <!-- searchresult -->
  <testcase classname="ca.amazon.testcase.Searchtest" name="searchresult" time="0.0">
    <skipped/>
  </testcase> <!-- searchresult -->
  <testcase classname="ca.amazon.testcase.Searchtest" name="searchresult" time="0.0">
    <skipped/>
  </testcase> <!-- searchresult -->
  <testcase classname="ca.amazon.testcase.Searchtest" name="searchresult" time="0.0">
    <skipped/>
  </testcase> <!-- searchresult -->
  <testcase classname="ca.amazon.testcase.Searchtest" name="validateproductperpage" time="0.0">
    <skipped/>
  </testcase> <!-- validateproductperpage -->
</testsuite> <!-- FireFoxtest -->
