<?xml version="1.0" encoding="UTF-8"?>
<!-- Generated by org.testng.reporters.JUnitXMLReporter -->
<testsuite ignored="15" hostname="Vivek" failures="3" tests="6" name="Test all" time="191.041" errors="0" timestamp="2023-10-25T00:26:32 EDT">
  <testcase classname="ca.amazon.testcase.Logintest" name="emptyemailerror" time="0.998"/>
  <testcase classname="ca.amazon.testcase.Logintest" name="logintest" time="62.698"/>
  <testcase classname="ca.amazon.testcase.Searchtest" name="searchresult" time="1.774"/>
  <testcase classname="ca.amazon.testcase.Searchtest" name="searchresult" time="22.884">
    <failure type="java.lang.AssertionError" message="expected [true] but found [false]">
      <![CDATA[java.lang.AssertionError: expected [true] but found [false]
at ca.amazon.testcase.Searchtest.searchresult(Searchtest.java:38)
at java.base/java.util.ArrayList.forEach(ArrayList.java:1511)
... Removed 29 stack frames]]>
    </failure>
  </testcase> <!-- searchresult -->
  <testcase classname="ca.amazon.testcase.Searchtest" name="searchresult" time="21.867">
    <failure type="java.lang.AssertionError" message="expected [true] but found [false]">
      <![CDATA[java.lang.AssertionError: expected [true] but found [false]
at ca.amazon.testcase.Searchtest.searchresult(Searchtest.java:38)
at java.base/java.util.ArrayList.forEach(ArrayList.java:1511)
... Removed 29 stack frames]]>
    </failure>
  </testcase> <!-- searchresult -->
  <testcase classname="ca.amazon.testcase.Searchtest" name="searchresult" time="21.839">
    <failure type="java.lang.AssertionError" message="expected [true] but found [false]">
      <![CDATA[java.lang.AssertionError: expected [true] but found [false]
at ca.amazon.testcase.Searchtest.searchresult(Searchtest.java:38)
at java.base/java.util.ArrayList.forEach(ArrayList.java:1511)
... Removed 29 stack frames]]>
    </failure>
  </testcase> <!-- searchresult -->
  <testcase classname="ca.amazon.base.Baseclass" name="@BeforeTest loadconfig" time="0.0">
    <ignored/>
  </testcase> <!-- @BeforeTest loadconfig -->
  <testcase classname="ca.amazon.base.Baseclass" name="@BeforeTest loadconfig" time="0.0">
    <ignored/>
  </testcase> <!-- @BeforeTest loadconfig -->
  <testcase classname="ca.amazon.testcase.Addtocarttest" name="validateaddtocartproduct" time="0.0">
    <ignored/>
  </testcase> <!-- validateaddtocartproduct -->
  <testcase classname="ca.amazon.testcase.Addtocarttest" name="validateproductimage" time="0.0">
    <ignored/>
  </testcase> <!-- validateproductimage -->
  <testcase classname="ca.amazon.testcase.Addtocarttest" name="selectquantity" time="0.0">
    <ignored/>
  </testcase> <!-- selectquantity -->
  <testcase classname="ca.amazon.base.Baseclass" name="@BeforeSuite beforesuite" time="0.0">
    <ignored/>
  </testcase> <!-- @BeforeSuite beforesuite -->
  <testcase classname="ca.amazon.testcase.Logintest" name="accountdetails" time="0.0">
    <ignored/>
  </testcase> <!-- accountdetails -->
  <testcase classname="ca.amazon.base.Baseclass" name="@BeforeSuite beforesuite" time="0.0">
    <ignored/>
  </testcase> <!-- @BeforeSuite beforesuite -->
  <testcase classname="ca.amazon.base.Baseclass" name="@BeforeTest loadconfig" time="0.0">
    <ignored/>
  </testcase> <!-- @BeforeTest loadconfig -->
  <testcase classname="ca.amazon.testcase.Searchtest" name="validateproductperpage" time="0.0">
    <ignored/>
  </testcase> <!-- validateproductperpage -->
  <testcase classname="ca.amazon.base.Baseclass" name="@BeforeSuite beforesuite" time="0.0">
    <ignored/>
  </testcase> <!-- @BeforeSuite beforesuite -->
  <testcase classname="ca.amazon.testcase.Createaccounttest" name="verifyemail" time="0.0">
    <ignored/>
  </testcase> <!-- verifyemail -->
  <testcase classname="ca.amazon.testcase.Addtocarttest" name="validateproduct" time="0.0">
    <ignored/>
  </testcase> <!-- validateproduct -->
  <testcase classname="ca.amazon.testcase.Searchtest" name="partialtextvalidate" time="0.0">
    <ignored/>
  </testcase> <!-- partialtextvalidate -->
  <testcase classname="ca.amazon.testcase.Createaccounttest" name="validatehellosigninbtn" time="0.0">
    <ignored/>
  </testcase> <!-- validatehellosigninbtn -->
</testsuite> <!-- Test all -->
